Command line:
   ADDER_TB_isim_beh.exe
     -simmode  gui
     -simrunnum  0
     -socket  59097

Mon Aug 24 16:08:38 2020


 Elaboration Time: 0.03125 sec

 Current Memory Usage: 5150.22 Meg

 Total Signals          : 6
 Total Nets             : 96
 Total Signal Drivers   : 3
 Total Blocks           : 6
 Total Primitive Blocks : 5
 Total Processes        : 2
 Total Traceable Variables  : 15
 Total Scalar Nets and Variables : 597
Total Line Count : 8

 Total Simulation Time: 0.125 sec

 Current Memory Usage: 5464.79 Meg

Mon Aug 24 16:09:21 2020

