Command line:
   MUX_32bits_tb_isim_beh.exe
     -simmode  gui
     -simrunnum  0
     -socket  1047

Sun Aug 23 15:52:40 2020


 Elaboration Time: 0.050072 sec

 Current Memory Usage: 476.754 Meg

 Total Signals          : 8
 Total Nets             : 97
 Total Signal Drivers   : 4
 Total Blocks           : 5
 Total Primitive Blocks : 4
 Total Processes        : 2
 Total Traceable Variables  : 10
 Total Scalar Nets and Variables : 475
Total Line Count : 27

 Total Simulation Time: 0.050072 sec

 Current Memory Usage: 319.468 Meg

Sun Aug 23 15:52:47 2020

