Command line:
   ShiftL2bits_tb_isim_beh.exe
     -simmode  gui
     -simrunnum  0
     -socket  59174

Tue Aug 18 16:26:36 2020


 Elaboration Time: 0.03125 sec

 Current Memory Usage: 5150.67 Meg

 Total Signals          : 4
 Total Nets             : 54
 Total Signal Drivers   : 2
 Total Blocks           : 3
 Total Primitive Blocks : 2
 Total Processes        : 2
 Total Traceable Variables  : 8
 Total Scalar Nets and Variables : 414
Total Line Count : 4

 Total Simulation Time: 0.03125 sec

 Current Memory Usage: 5150.67 Meg

Tue Aug 18 16:26:42 2020

