Command line:
   ShiftL2bits_isim_beh.exe
     -simmode  gui
     -simrunnum  0
     -socket  53360

Tue Aug 18 14:55:06 2020


 Elaboration Time: 0.03125 sec

 Current Memory Usage: 5150.62 Meg

 Total Signals          : 2
 Total Nets             : 54
 Total Signal Drivers   : 1
 Total Blocks           : 2
 Total Primitive Blocks : 2
 Total Processes        : 1
 Total Traceable Variables  : 8
 Total Scalar Nets and Variables : 414
Total Line Count : 1

 Total Simulation Time: 0.046875 sec

 Current Memory Usage: 4993.34 Meg

Tue Aug 18 15:43:47 2020

