Command line:
   adder_isim_beh.exe
     -simmode  gui
     -simrunnum  0
     -socket  52986

Sun Aug 23 15:34:38 2020


 Elaboration Time: 0.03125 sec

 Current Memory Usage: 5150.86 Meg

 Total Signals          : 3
 Total Nets             : 96
 Total Signal Drivers   : 1
 Total Blocks           : 5
 Total Primitive Blocks : 5
 Total Processes        : 1
 Total Traceable Variables  : 15
 Total Scalar Nets and Variables : 597
Total Line Count : 1

 Total Simulation Time: 0.03125 sec

 Current Memory Usage: 5150.86 Meg

Sun Aug 23 15:34:45 2020

