Command line:
   Program_counter_tb_isim_beh.exe
     -simmode  gui
     -simrunnum  0
     -socket  59148

Tue Aug 18 16:26:13 2020


 Elaboration Time: 0.046875 sec

 Current Memory Usage: 5149.99 Meg

 Total Signals          : 8
 Total Nets             : 66
 Total Signal Drivers   : 4
 Total Blocks           : 3
 Total Primitive Blocks : 2
 Total Processes        : 2
 Total Traceable Variables  : 8
 Total Scalar Nets and Variables : 426
Total Line Count : 21

 Total Simulation Time: 0.046875 sec

 Current Memory Usage: 5149.99 Meg

Tue Aug 18 16:26:23 2020

