Running: D:\Xilinx\14.7\ISE_DS\ISE\bin\nt64\unwrapped\fuse.exe -intstyle ise -incremental -lib secureip -o D:/JavierJr/Documents/ISD/AgoDic20/ArquitecturaDeComputadoras/Lab/Projects/P01_ModulosBasicos/adder/adder_isim_beh.exe -prj D:/JavierJr/Documents/ISD/AgoDic20/ArquitecturaDeComputadoras/Lab/Projects/P01_ModulosBasicos/adder/adder_beh.prj work.adder 
ISim P.20131013 (signature 0x7708f090)
Number of CPUs detected in this system: 8
Turning on mult-threading, number of parallel sub-compilation jobs: 16 
Determining compilation order of HDL files
Parsing VHDL file "D:/JavierJr/Documents/ISD/AgoDic20/ArquitecturaDeComputadoras/Lab/Projects/P01_ModulosBasicos/adder/ADDER.vhd" into library work
Parsing VHDL file "D:/JavierJr/Documents/ISD/AgoDic20/ArquitecturaDeComputadoras/Lab/Projects/P01_ModulosBasicos/adder/ADDER_TB.vhd" into library work
Starting static elaboration
Completed static elaboration
Compiling package standard
Compiling package std_logic_1164
Compiling package std_logic_arith
Compiling package std_logic_unsigned
Compiling package numeric_std
Compiling architecture behavioral of entity adder
Time Resolution for simulation is 1ps.
WARNING:Simulator - Unable to copy libPortabilityNOSH.dll to the simulation executable directory: boost::filesystem::copy_file: The system cannot find the path specified, "isim\adder_isim_beh.exe.sim\libPortability.dll".
Compiled 6 VHDL Units
Built simulation executable D:/JavierJr/Documents/ISD/AgoDic20/ArquitecturaDeComputadoras/Lab/Projects/P01_ModulosBasicos/adder/adder_isim_beh.exe
Fuse Memory Usage: 37412 KB
Fuse CPU Usage: 656 ms
