Running: fuse.exe -relaunch -intstyle "ise" -incremental -lib "secureip" -o "E:/P01_ModulosBasicos/ModulosBasicos/ADDER_TB_isim_beh.exe" -prj "E:/P01_ModulosBasicos/ModulosBasicos/ADDER_TB_beh.prj" "ADDER_TB" 
ISim P.20131013 (signature 0x8ef4fb42)
Number of CPUs detected in this system: 1
Turning on mult-threading, number of parallel sub-compilation jobs: 0 
Determining compilation order of HDL files
Parsing VHDL file "E:/P01_ModulosBasicos/ModulosBasicos/ADDER.vhd" into library work
Parsing VHDL file "E:/P01_ModulosBasicos/ModulosBasicos/ADDER_TB.vhd" into library work
Starting static elaboration
Completed static elaboration
Fuse Memory Usage: 79316 KB
Fuse CPU Usage: 200 ms
Compiling package standard
Compiling package std_logic_1164
Compiling package std_logic_arith
Compiling package std_logic_unsigned
Compiling package numeric_std
Compiling architecture behavioral of entity adder [adder_default]
Compiling architecture behavior of entity adder_tb
Time Resolution for simulation is 1ps.
Compiled 8 VHDL Units
Built simulation executable E:/P01_ModulosBasicos/ModulosBasicos/ADDER_TB_isim_beh.exe
Fuse Memory Usage: 97048 KB
Fuse CPU Usage: 380 ms
