--------------------------------------------------------------------------------
Release 14.7 Trace  (nt64)
Copyright (c) 1995-2013 Xilinx, Inc.  All rights reserved.

D:\Xilinx\14.7\ISE_DS\ISE\bin\nt64\unwrapped\trce.exe -intstyle ise -v 3 -s 3
-n 3 -fastpaths -xml Shifter.twx Shifter.ncd -o Shifter.twr Shifter.pcf

Design file:              Shifter.ncd
Physical constraint file: Shifter.pcf
Device,package,speed:     xc6slx16,csg324,C,-3 (PRODUCTION 1.23 2013-10-13)
Report level:             verbose report

Environment Variable      Effect 
--------------------      ------ 
NONE                      No environment variables were set
--------------------------------------------------------------------------------

INFO:Timing:2698 - No timing constraints found, doing default enumeration.
INFO:Timing:3412 - To improve timing, see the Timing Closure User Guide (UG612).
INFO:Timing:2752 - To get complete path coverage, use the unconstrained paths 
   option. All paths that are not constrained will be reported in the 
   unconstrained paths section(s) of the report.
INFO:Timing:3339 - The clock-to-out numbers in this timing report are based on 
   a 50 Ohm transmission line loading model.  For the details of this model, 
   and for more information on accounting for different loading conditions, 
   please see the device datasheet.



Data Sheet report:
-----------------
All values displayed in nanoseconds (ns)

Pad to Pad
---------------+---------------+---------+
Source Pad     |Destination Pad|  Delay  |
---------------+---------------+---------+
VARIN<0>       |VAROUT<2>      |    6.698|
VARIN<1>       |VAROUT<3>      |    6.597|
VARIN<2>       |VAROUT<4>      |    6.616|
VARIN<3>       |VAROUT<5>      |    6.635|
VARIN<4>       |VAROUT<6>      |    6.789|
VARIN<5>       |VAROUT<7>      |    6.672|
VARIN<6>       |VAROUT<8>      |    6.944|
VARIN<7>       |VAROUT<9>      |    6.543|
VARIN<8>       |VAROUT<10>     |    6.808|
VARIN<9>       |VAROUT<11>     |    6.499|
VARIN<10>      |VAROUT<12>     |    6.691|
VARIN<11>      |VAROUT<13>     |    6.571|
VARIN<12>      |VAROUT<14>     |    6.449|
VARIN<13>      |VAROUT<15>     |    6.701|
VARIN<14>      |VAROUT<16>     |    7.117|
VARIN<15>      |VAROUT<17>     |    6.885|
VARIN<16>      |VAROUT<18>     |    6.526|
VARIN<17>      |VAROUT<19>     |    7.340|
VARIN<18>      |VAROUT<20>     |    6.557|
VARIN<19>      |VAROUT<21>     |    6.463|
VARIN<20>      |VAROUT<22>     |    6.881|
VARIN<21>      |VAROUT<23>     |    7.330|
VARIN<22>      |VAROUT<24>     |    7.187|
VARIN<23>      |VAROUT<25>     |    6.877|
VARIN<24>      |VAROUT<26>     |    7.444|
VARIN<25>      |VAROUT<27>     |    6.432|
VARIN<26>      |VAROUT<28>     |    6.790|
VARIN<27>      |VAROUT<29>     |    6.390|
VARIN<28>      |VAROUT<30>     |    6.851|
VARIN<29>      |VAROUT<31>     |    6.511|
---------------+---------------+---------+


Analysis completed Mon Aug 24 15:49:57 2020 
--------------------------------------------------------------------------------

Trace Settings:
-------------------------
Trace Settings 

Peak Memory Usage: 4573 MB



