Command line:
   MUX_5bits_tb_isim_beh.exe
     -simmode  gui
     -simrunnum  0
     -socket  63159

Tue Aug 18 17:22:33 2020


 Elaboration Time: 0.03125 sec

 Current Memory Usage: 5150.05 Meg

 Total Signals          : 8
 Total Nets             : 16
 Total Signal Drivers   : 4
 Total Blocks           : 3
 Total Primitive Blocks : 2
 Total Processes        : 2
 Total Traceable Variables  : 8
 Total Scalar Nets and Variables : 376
Total Line Count : 14

 Total Simulation Time: 0.03125 sec

 Current Memory Usage: 5150.05 Meg

Tue Aug 18 17:22:43 2020

