Command line:
   Extend_tb_isim_beh.exe
     -simmode  gui
     -simrunnum  0
     -socket  59018

Mon Aug 24 16:07:44 2020


 Elaboration Time: 0.03125 sec

 Current Memory Usage: 5150.21 Meg

 Total Signals          : 4
 Total Nets             : 48
 Total Signal Drivers   : 2
 Total Blocks           : 6
 Total Primitive Blocks : 5
 Total Processes        : 2
 Total Traceable Variables  : 15
 Total Scalar Nets and Variables : 549
Total Line Count : 5

 Total Simulation Time: 0.15625 sec

 Current Memory Usage: 5464.78 Meg

Mon Aug 24 16:08:27 2020

